[2024-02-02T15:27:02.538+0000] {taskinstance.py:1125} INFO - Dependencies all met for dep_context=non-requeueable deps ti=<TaskInstance: final_project.Load_songplays_fact_table scheduled__2018-11-01T18:00:00+00:00 [queued]>
[2024-02-02T15:27:02.543+0000] {taskinstance.py:1125} INFO - Dependencies all met for dep_context=requeueable deps ti=<TaskInstance: final_project.Load_songplays_fact_table scheduled__2018-11-01T18:00:00+00:00 [queued]>
[2024-02-02T15:27:02.543+0000] {taskinstance.py:1331} INFO - Starting attempt 3 of 4
[2024-02-02T15:27:02.552+0000] {taskinstance.py:1350} INFO - Executing <Task(LoadFactOperator): Load_songplays_fact_table> on 2018-11-01 18:00:00+00:00
[2024-02-02T15:27:02.559+0000] {standard_task_runner.py:57} INFO - Started process 1494 to run task
[2024-02-02T15:27:02.564+0000] {standard_task_runner.py:84} INFO - Running: ['***', 'tasks', 'run', 'final_project', 'Load_songplays_fact_table', 'scheduled__2018-11-01T18:00:00+00:00', '--job-id', '163', '--raw', '--subdir', 'DAGS_FOLDER/final_project.py', '--cfg-path', '/tmp/tmpjlyllth1']
[2024-02-02T15:27:02.566+0000] {standard_task_runner.py:85} INFO - Job 163: Subtask Load_songplays_fact_table
[2024-02-02T15:27:02.628+0000] {task_command.py:410} INFO - Running <TaskInstance: final_project.Load_songplays_fact_table scheduled__2018-11-01T18:00:00+00:00 [running]> on host daef2c2ad421
[2024-02-02T15:27:02.727+0000] {taskinstance.py:1570} INFO - Exporting env vars: AIRFLOW_CTX_DAG_OWNER='Philip' AIRFLOW_CTX_DAG_ID='final_project' AIRFLOW_CTX_TASK_ID='Load_songplays_fact_table' AIRFLOW_CTX_EXECUTION_DATE='2018-11-01T18:00:00+00:00' AIRFLOW_CTX_TRY_NUMBER='3' AIRFLOW_CTX_DAG_RUN_ID='scheduled__2018-11-01T18:00:00+00:00'
[2024-02-02T15:27:02.730+0000] {load_fact.py:22} INFO - Clearing data from destination Redshift table
[2024-02-02T15:27:02.740+0000] {base.py:73} INFO - Using connection ID 'redshift' for task execution.
[2024-02-02T15:27:02.751+0000] {taskinstance.py:1847} ERROR - Task failed with exception
Traceback (most recent call last):
  File "/opt/airflow/plugins/operators/load_fact.py", line 23, in execute
    redshift_hook.run("TRUNCATE {}".format(self.table))
  File "/home/airflow/.local/lib/python3.7/site-packages/airflow/providers/common/sql/hooks/sql.py", line 342, in run
    with closing(self.get_conn()) as conn:
  File "/home/airflow/.local/lib/python3.7/site-packages/airflow/providers/postgres/hooks/postgres.py", line 144, in get_conn
    self.conn = psycopg2.connect(**conn_args)
  File "/home/airflow/.local/lib/python3.7/site-packages/psycopg2/__init__.py", line 122, in connect
    conn = _connect(dsn, connection_factory=connection_factory, **kwasync)
psycopg2.OperationalError: could not translate host name "default-workgroup.434192172683.us-east-1.redshift-serverless.amazonaws.com" to address: Name or service not known

[2024-02-02T15:27:02.762+0000] {taskinstance.py:1373} INFO - Marking task as UP_FOR_RETRY. dag_id=final_project, task_id=Load_songplays_fact_table, execution_date=20181101T180000, start_date=20240202T152702, end_date=20240202T152702
[2024-02-02T15:27:02.769+0000] {standard_task_runner.py:109} ERROR - Failed to execute job 163 for task Load_songplays_fact_table (could not translate host name "default-workgroup.434192172683.us-east-1.redshift-serverless.amazonaws.com" to address: Name or service not known
; 1494)
[2024-02-02T15:27:02.817+0000] {local_task_job_runner.py:232} INFO - Task exited with return code 1
[2024-02-02T15:27:02.848+0000] {taskinstance.py:2674} INFO - 0 downstream tasks scheduled from follow-on schedule check
